<?xml version="1.0" encoding="UTF-8"?>
<!-- Generated by org.testng.reporters.JUnitReportReporter -->
<testsuite hostname="DESKTOP-FQTICKO" failures="0" tests="1" name="tests.Two" time="2.792" errors="0" timestamp="2022-05-29T17:19:45 IST" skipped="0">
  <testcase classname="tests.Two" name="test1" time="2.792"/>
  <system-out/>
</testsuite> <!-- tests.Two -->
