<?xml version="1.0" encoding="UTF-8"?>
<!-- Generated by org.testng.reporters.JUnitReportReporter -->
<testsuite hostname="DESKTOP-FQTICKO" failures="0" tests="1" name="tests.First" time="2.774" errors="0" timestamp="2022-05-29T17:09:54 IST" skipped="0">
  <testcase classname="tests.First" name="test1" time="2.774"/>
  <system-out/>
</testsuite> <!-- tests.First -->
